2024-12-07 20:04:11.883188: E external/local_xla/xla/stream_executor/cuda/cuda_dnn.cc:9261] Unable to register cuDNN factory: Attempting to register factory for plugin cuDNN when one has already been registered
2024-12-07 20:04:11.883285: E external/local_xla/xla/stream_executor/cuda/cuda_fft.cc:607] Unable to register cuFFT factory: Attempting to register factory for plugin cuFFT when one has already been registered
2024-12-07 20:04:12.703606: E external/local_xla/xla/stream_executor/cuda/cuda_blas.cc:1515] Unable to register cuBLAS factory: Attempting to register factory for plugin cuBLAS when one has already been registered
2024-12-07 20:04:14.482475: I tensorflow/core/platform/cpu_feature_guard.cc:182] This TensorFlow binary is optimized to use available CPU instructions in performance-critical operations.
To enable the following instructions: AVX2 AVX512F FMA, in other operations, rebuild TensorFlow with the appropriate compiler flags.
2024-12-07 20:04:39.709690: W tensorflow/compiler/tf2tensorrt/utils/py_utils.cc:38] TF-TRT Warning: Could not find TensorRT
2024-12-07 20:06:25.765513: I external/local_xla/xla/stream_executor/cuda/cuda_executor.cc:901] successful NUMA node read from SysFS had negative value (-1), but there must be at least one NUMA node, so returning NUMA node zero. See more at https://github.com/torvalds/linux/blob/v6.0/Documentation/ABI/testing/sysfs-bus-pci#L344-L355
2024-12-07 20:06:28.079974: I external/local_xla/xla/stream_executor/cuda/cuda_executor.cc:901] successful NUMA node read from SysFS had negative value (-1), but there must be at least one NUMA node, so returning NUMA node zero. See more at https://github.com/torvalds/linux/blob/v6.0/Documentation/ABI/testing/sysfs-bus-pci#L344-L355
2024-12-07 20:06:28.084172: I external/local_xla/xla/stream_executor/cuda/cuda_executor.cc:901] successful NUMA node read from SysFS had negative value (-1), but there must be at least one NUMA node, so returning NUMA node zero. See more at https://github.com/torvalds/linux/blob/v6.0/Documentation/ABI/testing/sysfs-bus-pci#L344-L355
2024-12-07 20:06:28.089296: I external/local_xla/xla/stream_executor/cuda/cuda_executor.cc:901] successful NUMA node read from SysFS had negative value (-1), but there must be at least one NUMA node, so returning NUMA node zero. See more at https://github.com/torvalds/linux/blob/v6.0/Documentation/ABI/testing/sysfs-bus-pci#L344-L355
2024-12-07 20:06:28.093343: I external/local_xla/xla/stream_executor/cuda/cuda_executor.cc:901] successful NUMA node read from SysFS had negative value (-1), but there must be at least one NUMA node, so returning NUMA node zero. See more at https://github.com/torvalds/linux/blob/v6.0/Documentation/ABI/testing/sysfs-bus-pci#L344-L355
2024-12-07 20:06:28.097261: I external/local_xla/xla/stream_executor/cuda/cuda_executor.cc:901] successful NUMA node read from SysFS had negative value (-1), but there must be at least one NUMA node, so returning NUMA node zero. See more at https://github.com/torvalds/linux/blob/v6.0/Documentation/ABI/testing/sysfs-bus-pci#L344-L355
2024-12-07 20:06:28.265625: I external/local_xla/xla/stream_executor/cuda/cuda_executor.cc:901] successful NUMA node read from SysFS had negative value (-1), but there must be at least one NUMA node, so returning NUMA node zero. See more at https://github.com/torvalds/linux/blob/v6.0/Documentation/ABI/testing/sysfs-bus-pci#L344-L355
2024-12-07 20:06:28.267273: I external/local_xla/xla/stream_executor/cuda/cuda_executor.cc:901] successful NUMA node read from SysFS had negative value (-1), but there must be at least one NUMA node, so returning NUMA node zero. See more at https://github.com/torvalds/linux/blob/v6.0/Documentation/ABI/testing/sysfs-bus-pci#L344-L355
2024-12-07 20:06:28.268858: I external/local_xla/xla/stream_executor/cuda/cuda_executor.cc:901] successful NUMA node read from SysFS had negative value (-1), but there must be at least one NUMA node, so returning NUMA node zero. See more at https://github.com/torvalds/linux/blob/v6.0/Documentation/ABI/testing/sysfs-bus-pci#L344-L355
2024-12-07 20:06:28.270294: I tensorflow/core/common_runtime/gpu/gpu_device.cc:1929] Created device /job:localhost/replica:0/task:0/device:GPU:0 with 22402 MB memory:  -> device: 0, name: NVIDIA RTX A5000, pci bus id: 0000:13:00.0, compute capability: 8.6
2024-12-07 20:06:29.927954: W external/local_tsl/tsl/framework/cpu_allocator_impl.cc:83] Allocation of 3205494528 exceeds 10% of free system memory.
2024-12-07 20:06:30.916895: W external/local_tsl/tsl/framework/cpu_allocator_impl.cc:83] Allocation of 3205494528 exceeds 10% of free system memory.
2024-12-07 20:06:33.756979: I external/local_xla/xla/stream_executor/cuda/cuda_dnn.cc:454] Loaded cuDNN version 8904
2024-12-07 20:06:37.248685: I external/local_tsl/tsl/platform/default/subprocess.cc:304] Start cannot spawn child process: No such file or directory
2024-12-07 20:06:39.795585: I external/local_tsl/tsl/platform/default/subprocess.cc:304] Start cannot spawn child process: No such file or directory
2024-12-07 20:06:42.682633: I external/local_xla/xla/service/service.cc:168] XLA service 0xa722a20 initialized for platform CUDA (this does not guarantee that XLA will be used). Devices:
2024-12-07 20:06:42.682694: I external/local_xla/xla/service/service.cc:176]   StreamExecutor device (0): NVIDIA RTX A5000, Compute Capability 8.6
2024-12-07 20:06:42.746907: I tensorflow/compiler/mlir/tensorflow/utils/dump_mlir_util.cc:269] disabling MLIR crash reproducer, set env var `MLIR_CRASH_REPRODUCER_DIRECTORY` to enable.
WARNING: All log messages before absl::InitializeLog() is called are written to STDERR
I0000 00:00:1733620002.891938 1488621 device_compiler.h:186] Compiled cluster using XLA!  This line is logged at most once for the lifetime of the process.
2024-12-07 20:22:33.552553: W external/local_tsl/tsl/framework/cpu_allocator_impl.cc:83] Allocation of 3205494528 exceeds 10% of free system memory.
2024-12-07 20:22:54.590378: W external/local_tsl/tsl/framework/cpu_allocator_impl.cc:83] Allocation of 3205494528 exceeds 10% of free system memory.
2024-12-07 20:23:10.385412: W external/local_tsl/tsl/framework/cpu_allocator_impl.cc:83] Allocation of 3205494528 exceeds 10% of free system memory.
/hpc/home/yc583/Biostat-823/Final_Project/Deepstarr-train.py:165: UserWarning: color is redundantly defined by the 'color' keyword argument and the fmt string "w" (-> color=(1.0, 1.0, 1.0, 1)). The keyword argument will take precedence.
  g.ax_joint.plot(lims, lims, 'w', linestyle='dashed', transform=g.ax_joint.transData, color='grey')
/hpc/home/yc583/Biostat-823/Final_Project/Deepstarr-train.py:165: UserWarning: color is redundantly defined by the 'color' keyword argument and the fmt string "w" (-> color=(1.0, 1.0, 1.0, 1)). The keyword argument will take precedence.
  g.ax_joint.plot(lims, lims, 'w', linestyle='dashed', transform=g.ax_joint.transData, color='grey')
/hpc/home/yc583/envs/tf2/lib/python3.10/site-packages/keras/src/engine/training.py:3103: UserWarning: You are saving your model as an HDF5 file via `model.save()`. This file format is considered legacy. We recommend using instead the native Keras format, e.g. `model.save('my_model.keras')`.
  saving_api.save_model(
