2024-12-07 20:04:11.883729: E external/local_xla/xla/stream_executor/cuda/cuda_dnn.cc:9261] Unable to register cuDNN factory: Attempting to register factory for plugin cuDNN when one has already been registered
2024-12-07 20:04:11.883809: E external/local_xla/xla/stream_executor/cuda/cuda_fft.cc:607] Unable to register cuFFT factory: Attempting to register factory for plugin cuFFT when one has already been registered
2024-12-07 20:04:12.702751: E external/local_xla/xla/stream_executor/cuda/cuda_blas.cc:1515] Unable to register cuBLAS factory: Attempting to register factory for plugin cuBLAS when one has already been registered
2024-12-07 20:04:14.483438: I tensorflow/core/platform/cpu_feature_guard.cc:182] This TensorFlow binary is optimized to use available CPU instructions in performance-critical operations.
To enable the following instructions: AVX2 AVX512F FMA, in other operations, rebuild TensorFlow with the appropriate compiler flags.
2024-12-07 20:04:39.706170: W tensorflow/compiler/tf2tensorrt/utils/py_utils.cc:38] TF-TRT Warning: Could not find TensorRT
2024-12-07 20:06:23.375836: I external/local_xla/xla/stream_executor/cuda/cuda_executor.cc:901] successful NUMA node read from SysFS had negative value (-1), but there must be at least one NUMA node, so returning NUMA node zero. See more at https://github.com/torvalds/linux/blob/v6.0/Documentation/ABI/testing/sysfs-bus-pci#L344-L355
2024-12-07 20:06:28.080550: I external/local_xla/xla/stream_executor/cuda/cuda_executor.cc:901] successful NUMA node read from SysFS had negative value (-1), but there must be at least one NUMA node, so returning NUMA node zero. See more at https://github.com/torvalds/linux/blob/v6.0/Documentation/ABI/testing/sysfs-bus-pci#L344-L355
2024-12-07 20:06:28.087507: I external/local_xla/xla/stream_executor/cuda/cuda_executor.cc:901] successful NUMA node read from SysFS had negative value (-1), but there must be at least one NUMA node, so returning NUMA node zero. See more at https://github.com/torvalds/linux/blob/v6.0/Documentation/ABI/testing/sysfs-bus-pci#L344-L355
2024-12-07 20:06:28.092948: I external/local_xla/xla/stream_executor/cuda/cuda_executor.cc:901] successful NUMA node read from SysFS had negative value (-1), but there must be at least one NUMA node, so returning NUMA node zero. See more at https://github.com/torvalds/linux/blob/v6.0/Documentation/ABI/testing/sysfs-bus-pci#L344-L355
2024-12-07 20:06:28.097004: I external/local_xla/xla/stream_executor/cuda/cuda_executor.cc:901] successful NUMA node read from SysFS had negative value (-1), but there must be at least one NUMA node, so returning NUMA node zero. See more at https://github.com/torvalds/linux/blob/v6.0/Documentation/ABI/testing/sysfs-bus-pci#L344-L355
2024-12-07 20:06:28.100929: I external/local_xla/xla/stream_executor/cuda/cuda_executor.cc:901] successful NUMA node read from SysFS had negative value (-1), but there must be at least one NUMA node, so returning NUMA node zero. See more at https://github.com/torvalds/linux/blob/v6.0/Documentation/ABI/testing/sysfs-bus-pci#L344-L355
2024-12-07 20:06:28.268198: I external/local_xla/xla/stream_executor/cuda/cuda_executor.cc:901] successful NUMA node read from SysFS had negative value (-1), but there must be at least one NUMA node, so returning NUMA node zero. See more at https://github.com/torvalds/linux/blob/v6.0/Documentation/ABI/testing/sysfs-bus-pci#L344-L355
2024-12-07 20:06:28.269850: I external/local_xla/xla/stream_executor/cuda/cuda_executor.cc:901] successful NUMA node read from SysFS had negative value (-1), but there must be at least one NUMA node, so returning NUMA node zero. See more at https://github.com/torvalds/linux/blob/v6.0/Documentation/ABI/testing/sysfs-bus-pci#L344-L355
2024-12-07 20:06:28.271416: I external/local_xla/xla/stream_executor/cuda/cuda_executor.cc:901] successful NUMA node read from SysFS had negative value (-1), but there must be at least one NUMA node, so returning NUMA node zero. See more at https://github.com/torvalds/linux/blob/v6.0/Documentation/ABI/testing/sysfs-bus-pci#L344-L355
2024-12-07 20:06:28.273719: I tensorflow/core/common_runtime/gpu/gpu_device.cc:1929] Created device /job:localhost/replica:0/task:0/device:GPU:0 with 22402 MB memory:  -> device: 0, name: NVIDIA RTX A5000, pci bus id: 0000:13:00.0, compute capability: 8.6
2024-12-07 20:06:31.664466: W external/local_tsl/tsl/framework/cpu_allocator_impl.cc:83] Allocation of 3205494528 exceeds 10% of free system memory.
2024-12-07 20:06:33.541581: W external/local_tsl/tsl/framework/cpu_allocator_impl.cc:83] Allocation of 3205494528 exceeds 10% of free system memory.
2024-12-07 20:06:38.437832: I external/local_xla/xla/stream_executor/cuda/cuda_dnn.cc:454] Loaded cuDNN version 8904
2024-12-07 20:06:39.242106: I external/local_tsl/tsl/platform/default/subprocess.cc:304] Start cannot spawn child process: No such file or directory
2024-12-07 20:06:40.314661: I external/local_tsl/tsl/platform/default/subprocess.cc:304] Start cannot spawn child process: No such file or directory
2024-12-07 20:06:42.687950: I external/local_xla/xla/service/service.cc:168] XLA service 0x9927160 initialized for platform CUDA (this does not guarantee that XLA will be used). Devices:
2024-12-07 20:06:42.687999: I external/local_xla/xla/service/service.cc:176]   StreamExecutor device (0): NVIDIA RTX A5000, Compute Capability 8.6
2024-12-07 20:06:42.763602: I tensorflow/compiler/mlir/tensorflow/utils/dump_mlir_util.cc:269] disabling MLIR crash reproducer, set env var `MLIR_CRASH_REPRODUCER_DIRECTORY` to enable.
WARNING: All log messages before absl::InitializeLog() is called are written to STDERR
I0000 00:00:1733620002.888712 1619723 device_compiler.h:186] Compiled cluster using XLA!  This line is logged at most once for the lifetime of the process.
2024-12-07 20:30:49.829707: W external/local_tsl/tsl/framework/cpu_allocator_impl.cc:83] Allocation of 3205494528 exceeds 10% of free system memory.
2024-12-07 20:30:51.828514: W external/local_tsl/tsl/framework/cpu_allocator_impl.cc:83] Allocation of 3205494528 exceeds 10% of free system memory.
2024-12-07 20:31:29.185963: W external/local_tsl/tsl/framework/cpu_allocator_impl.cc:83] Allocation of 328170048 exceeds 10% of free system memory.
/hpc/home/yc583/Biostat-823/Final_Project/Deepstarr-train.py:165: UserWarning: color is redundantly defined by the 'color' keyword argument and the fmt string "w" (-> color=(1.0, 1.0, 1.0, 1)). The keyword argument will take precedence.
  g.ax_joint.plot(lims, lims, 'w', linestyle='dashed', transform=g.ax_joint.transData, color='grey')
/hpc/home/yc583/Biostat-823/Final_Project/Deepstarr-train.py:165: UserWarning: color is redundantly defined by the 'color' keyword argument and the fmt string "w" (-> color=(1.0, 1.0, 1.0, 1)). The keyword argument will take precedence.
  g.ax_joint.plot(lims, lims, 'w', linestyle='dashed', transform=g.ax_joint.transData, color='grey')
/hpc/home/yc583/envs/tf2/lib/python3.10/site-packages/keras/src/engine/training.py:3103: UserWarning: You are saving your model as an HDF5 file via `model.save()`. This file format is considered legacy. We recommend using instead the native Keras format, e.g. `model.save('my_model.keras')`.
  saving_api.save_model(
